Finish 001000 lines
Finish 002000 lines
Finish 003000 lines
Finish 004000 lines
Finish 005000 lines
Finish 006000 lines
Finish 007000 lines
Finish 008000 lines
Finish 009000 lines
Finish 010000 lines
Finish 011000 lines
Finish 012000 lines
Finish 013000 lines
Finish 014000 lines
Finish 015000 lines
Finish 016000 lines
Finish 017000 lines
Finish 018000 lines
Finish 019000 lines
Finish 020000 lines
Finish 021000 lines
Finish 022000 lines
Finish 023000 lines
Finish 024000 lines
Finish 025000 lines
Finish 026000 lines
Finish 027000 lines
Finish 028000 lines
Finish 029000 lines
Finish 030000 lines
Finish 031000 lines
Finish 032000 lines
Finish 033000 lines
Finish 034000 lines
Finish 035000 lines
Finish 036000 lines
Finish 037000 lines
Finish 038000 lines
Finish 039000 lines
Finish 040000 lines
Finish 041000 lines
Finish 042000 lines
Finish 043000 lines
Finish 044000 lines
Finish 045000 lines
Finish 046000 lines
Finish 047000 lines
Finish 048000 lines
Finish 049000 lines
Finish 050000 lines
Finish 051000 lines
Finish 052000 lines
Finish 053000 lines
Finish 054000 lines
Finish 055000 lines
Finish 056000 lines
Finish 057000 lines
Finish 058000 lines
Finish 059000 lines
Finish 060000 lines
Finish 061000 lines
Finish 062000 lines
Finish 063000 lines
Finish 064000 lines
Finish 065000 lines
Finish 066000 lines
Finish 067000 lines
Finish 068000 lines
Finish 069000 lines
Finish 070000 lines
Finish 071000 lines
Finish 072000 lines
Finish 073000 lines
Finish 074000 lines
Finish 075000 lines
Finish 076000 lines
Finish 077000 lines
Finish 078000 lines
Finish 079000 lines
Finish 080000 lines
Finish 081000 lines
Finish 082000 lines
Finish 083000 lines
Finish 084000 lines
Finish 085000 lines
Finish 086000 lines
Finish 087000 lines
Finish 088000 lines
Finish 089000 lines
Finish 090000 lines
Finish 091000 lines
Finish 092000 lines
Finish 093000 lines
Finish 094000 lines
Finish 095000 lines
Finish 096000 lines
Finish 097000 lines
Finish 098000 lines
Finish 099000 lines
Finish 100000 lines
Finish 101000 lines
Finish 102000 lines
Finish 103000 lines
Finish 104000 lines
Finish 105000 lines
Finish 106000 lines
Finish 107000 lines
Finish 108000 lines
Finish 109000 lines
Finish 110000 lines
Finish 111000 lines
Finish 112000 lines
Finish 113000 lines
Finish 114000 lines
Finish 115000 lines
Finish 116000 lines
Finish 117000 lines
Finish 118000 lines
Finish 119000 lines
Finish 120000 lines
Finish 121000 lines
Finish 122000 lines
Finish 123000 lines
Finish 124000 lines
Finish 125000 lines
Finish 126000 lines
Finish 127000 lines
Finish 128000 lines
Finish 129000 lines
Finish 130000 lines
Finish 131000 lines
Finish 132000 lines
Finish 133000 lines
Finish 134000 lines
Finish 135000 lines
Finish 136000 lines
Finish 137000 lines
Finish 138000 lines
Finish 139000 lines
Finish 140000 lines
Finish 141000 lines
Finish 142000 lines
Finish 143000 lines
Finish 144000 lines
Finish 145000 lines
Finish 146000 lines
Finish 147000 lines
Finish 148000 lines
Finish 149000 lines
Finish 150000 lines
Finish 151000 lines
Finish 152000 lines
Finish 153000 lines
Finish 154000 lines
Finish 155000 lines
Finish 156000 lines
Finish 157000 lines
Finish 158000 lines
Finish 159000 lines
Finish 160000 lines
Finish 161000 lines
Finish 162000 lines
Finish 163000 lines
Finish 164000 lines
Finish 165000 lines
Finish 166000 lines
Finish 167000 lines
Finish 168000 lines
Finish 169000 lines
Finish 170000 lines
Finish 171000 lines
Finish 172000 lines
Finish 173000 lines
Finish 174000 lines
Finish 175000 lines
Finish 176000 lines
Finish 177000 lines
Finish 178000 lines
Finish 179000 lines
Finish 180000 lines
Finish 181000 lines
Finish 182000 lines
Finish 183000 lines
Finish 184000 lines
Finish 185000 lines
Finish 186000 lines
Finish 187000 lines
Finish 188000 lines
Finish 189000 lines
Finish 190000 lines
Finish 191000 lines
Finish 192000 lines
Finish 193000 lines
Finish 194000 lines
Finish 195000 lines
Finish 196000 lines
Finish 197000 lines
Finish 198000 lines
Finish 199000 lines
Finish 200000 lines
Finish 201000 lines
Finish 202000 lines
Finish 203000 lines
Finish 204000 lines
Finish 205000 lines
Finish 206000 lines
Finish 207000 lines
Finish 208000 lines
Finish 209000 lines
Finish 210000 lines
Finish 211000 lines
Finish 212000 lines
Finish 213000 lines
Finish 214000 lines
Finish 215000 lines
Finish 216000 lines
Finish 217000 lines
Finish 218000 lines
Finish 219000 lines
Finish 220000 lines
Finish 221000 lines
Finish 222000 lines
Finish 223000 lines
Finish 224000 lines
Finish 225000 lines
Finish 226000 lines
Finish 227000 lines
Finish 228000 lines
Finish 229000 lines
Finish 230000 lines
Finish 231000 lines
Finish 232000 lines
Finish 233000 lines
Finish 234000 lines
Finish 235000 lines
Finish 236000 lines
Finish 237000 lines
Finish 238000 lines
Finish 239000 lines
Finish 240000 lines
Finish 241000 lines
Finish 242000 lines
Finish 243000 lines
Finish 244000 lines
Finish 245000 lines
Finish 246000 lines
Finish 247000 lines
Finish 248000 lines
Finish 249000 lines
Finish 250000 lines
Finish 251000 lines
Finish 252000 lines
Finish 253000 lines
Finish 254000 lines
Finish 255000 lines
Finish 256000 lines
Finish 257000 lines
Finish 258000 lines
Finish 259000 lines
Finish 260000 lines
Finish 261000 lines
Finish 262000 lines
Finish 263000 lines
Finish 264000 lines
Finish 265000 lines
Finish 266000 lines
Finish 267000 lines
Finish 268000 lines
Finish 269000 lines
Finish 270000 lines
Finish 271000 lines
Finish 272000 lines
Finish 273000 lines
Finish 274000 lines
Finish 275000 lines
Finish 276000 lines
Finish 277000 lines
Finish 278000 lines
Finish 279000 lines
Finish 280000 lines
Finish 281000 lines
Finish 282000 lines
Traceback (most recent call last):
  File "plot_detections.py", line 135, in <module>
    showResults(img_file, results, labelmap, visualize_threshold, display_classes)
  File "plot_detections.py", line 71, in showResults
    plt.savefig(results[0]["out_file"], bbox_inches="tight")
  File "/lustre/home/lpwang/.local/lib/python2.7/site-packages/matplotlib/pyplot.py", line 695, in savefig
    res = fig.savefig(*args, **kwargs)
  File "/lustre/home/lpwang/.local/lib/python2.7/site-packages/matplotlib/figure.py", line 2062, in savefig
    self.canvas.print_figure(fname, **kwargs)
  File "/lustre/home/lpwang/.local/lib/python2.7/site-packages/matplotlib/backend_bases.py", line 2212, in print_figure
    **kwargs)
  File "/lustre/home/lpwang/.local/lib/python2.7/site-packages/matplotlib/backends/backend_agg.py", line 532, in print_png
    self.figure.dpi, metadata=metadata)
KeyboardInterrupt
Finish 001000 lines
Finish 002000 lines
Finish 003000 lines
Finish 004000 lines
Finish 005000 lines
Finish 006000 lines
Finish 007000 lines
Finish 008000 lines
Finish 009000 lines
Finish 010000 lines
Finish 011000 lines
Finish 012000 lines
Finish 013000 lines
Finish 014000 lines
Finish 015000 lines
Finish 016000 lines
Finish 017000 lines
Finish 018000 lines
Finish 019000 lines
Finish 020000 lines
Finish 021000 lines
Finish 022000 lines
Finish 023000 lines
Finish 024000 lines
Finish 025000 lines
Finish 026000 lines
Finish 027000 lines
Finish 028000 lines
Finish 029000 lines
Finish 030000 lines
Finish 031000 lines
Finish 032000 lines
Finish 033000 lines
Finish 034000 lines
Finish 035000 lines
Finish 036000 lines
Finish 037000 lines
Finish 038000 lines
Finish 039000 lines
Finish 040000 lines
Finish 041000 lines
Finish 042000 lines
Finish 043000 lines
Finish 044000 lines
Finish 045000 lines
Finish 046000 lines
Finish 047000 lines
Finish 048000 lines
Finish 049000 lines
Finish 050000 lines
Finish 051000 lines
Finish 052000 lines
Finish 053000 lines
Finish 054000 lines
Finish 055000 lines
Finish 056000 lines
Finish 057000 lines
Finish 058000 lines
Finish 059000 lines
Finish 060000 lines
Finish 061000 lines
Finish 062000 lines
Finish 063000 lines
Finish 064000 lines
Finish 065000 lines
Finish 066000 lines
Finish 067000 lines
Finish 068000 lines
Finish 069000 lines
Finish 070000 lines
Finish 071000 lines
Finish 072000 lines
Finish 073000 lines
Finish 074000 lines
Finish 075000 lines
Finish 076000 lines
Finish 077000 lines
Finish 078000 lines
Finish 079000 lines
Finish 080000 lines
Finish 081000 lines
Finish 082000 lines
Finish 083000 lines
Finish 084000 lines
Finish 085000 lines
Finish 086000 lines
Finish 087000 lines
Finish 088000 lines
Finish 089000 lines
Finish 090000 lines
Finish 091000 lines
Finish 092000 lines
Finish 093000 lines
Finish 094000 lines
Finish 095000 lines
Finish 096000 lines
Finish 097000 lines
Finish 098000 lines
Finish 099000 lines
Finish 100000 lines
Finish 101000 lines
Finish 102000 lines
Finish 103000 lines
Finish 104000 lines
Finish 105000 lines
Finish 106000 lines
Finish 107000 lines
Finish 108000 lines
Finish 109000 lines
Finish 110000 lines
Finish 111000 lines
Finish 112000 lines
Finish 113000 lines
Finish 114000 lines
Finish 115000 lines
Finish 116000 lines
Finish 117000 lines
Finish 118000 lines
Finish 119000 lines
Finish 120000 lines
Finish 121000 lines
Finish 122000 lines
Finish 123000 lines
Finish 124000 lines
Finish 125000 lines
Finish 126000 lines
Finish 127000 lines
Finish 128000 lines
Finish 129000 lines
Finish 130000 lines
Finish 131000 lines
Finish 132000 lines
Finish 133000 lines
Finish 134000 lines
Finish 135000 lines
Finish 136000 lines
Finish 137000 lines
Finish 138000 lines
Finish 139000 lines
Finish 140000 lines
Finish 141000 lines
Finish 142000 lines
Finish 143000 lines
Finish 144000 lines
Finish 145000 lines
Finish 146000 lines
Finish 147000 lines
Finish 148000 lines
Finish 149000 lines
Finish 150000 lines
Finish 151000 lines
Finish 152000 lines
Finish 153000 lines
Finish 154000 lines
Finish 155000 lines
Finish 156000 lines
Finish 157000 lines
Finish 158000 lines
Finish 159000 lines
Finish 160000 lines
Finish 161000 lines
Finish 162000 lines
Finish 163000 lines
Finish 164000 lines
Finish 165000 lines
Finish 166000 lines
Finish 167000 lines
Finish 168000 lines
Finish 169000 lines
Finish 170000 lines
Finish 171000 lines
Finish 172000 lines
Finish 173000 lines
Finish 174000 lines
Finish 175000 lines
Finish 176000 lines
Finish 177000 lines
Finish 178000 lines
Finish 179000 lines
Finish 180000 lines
Finish 181000 lines
Finish 182000 lines
Finish 183000 lines
Finish 184000 lines
Finish 185000 lines
Finish 186000 lines
Finish 187000 lines
Finish 188000 lines
Finish 189000 lines
Finish 190000 lines
Finish 191000 lines
Finish 192000 lines
Finish 193000 lines
Finish 194000 lines
Finish 195000 lines
Finish 196000 lines
Finish 197000 lines
Finish 198000 lines
Finish 199000 lines
Finish 200000 lines
Finish 201000 lines
Finish 202000 lines
Finish 203000 lines
Finish 204000 lines
Finish 205000 lines
Finish 206000 lines
Finish 207000 lines
Finish 208000 lines
Finish 209000 lines
Finish 210000 lines
Finish 211000 lines
Finish 212000 lines
Finish 213000 lines
Finish 214000 lines
Finish 215000 lines
Finish 216000 lines
Finish 217000 lines
Finish 218000 lines
Finish 219000 lines
Finish 220000 lines
Finish 221000 lines
Finish 222000 lines
Finish 223000 lines
Finish 224000 lines
Finish 225000 lines
Finish 226000 lines
Finish 227000 lines
Finish 228000 lines
Finish 229000 lines
Finish 230000 lines
Finish 231000 lines
Finish 232000 lines
Finish 233000 lines
Finish 234000 lines
Finish 235000 lines
Finish 236000 lines
Finish 237000 lines
Finish 238000 lines
Finish 239000 lines
Finish 240000 lines
Finish 241000 lines
Finish 242000 lines
Finish 243000 lines
Finish 244000 lines
Finish 245000 lines
Finish 246000 lines
Finish 247000 lines
Finish 248000 lines
Finish 249000 lines
Finish 250000 lines
Finish 251000 lines
Finish 252000 lines
Finish 253000 lines
Finish 254000 lines
Finish 255000 lines
Finish 256000 lines
Finish 257000 lines
Finish 258000 lines
Finish 259000 lines
Finish 260000 lines
Finish 261000 lines
Finish 262000 lines
Finish 263000 lines
Finish 264000 lines
Finish 265000 lines
Finish 266000 lines
Finish 267000 lines
Finish 268000 lines
Finish 269000 lines
Finish 270000 lines
Finish 271000 lines
Finish 272000 lines
Finish 273000 lines
Finish 274000 lines
Finish 275000 lines
Finish 276000 lines
Finish 277000 lines
Finish 278000 lines
Finish 279000 lines
Finish 280000 lines
Finish 281000 lines
Finish 282000 lines
